Determining if the pthread_create exist failed with the following output:
Change Dir: /home/supe4781/Dokumente/programmiersprachen-aufgabenblatt-2/build/CMakeFiles/CMakeTmp

Run Build Command:"/usr/bin/make" "cmTC_8c45b/fast"
/usr/bin/make -f CMakeFiles/cmTC_8c45b.dir/build.make CMakeFiles/cmTC_8c45b.dir/build
make[1]: Verzeichnis „/home/supe4781/Dokumente/programmiersprachen-aufgabenblatt-2/build/CMakeFiles/CMakeTmp“ wird betreten
Building C object CMakeFiles/cmTC_8c45b.dir/CheckSymbolExists.c.o
/usr/bin/cc     -o CMakeFiles/cmTC_8c45b.dir/CheckSymbolExists.c.o   -c /home/supe4781/Dokumente/programmiersprachen-aufgabenblatt-2/build/CMakeFiles/CMakeTmp/CheckSymbolExists.c
Linking C executable cmTC_8c45b
/usr/bin/cmake -E cmake_link_script CMakeFiles/cmTC_8c45b.dir/link.txt --verbose=1
/usr/bin/cc       CMakeFiles/cmTC_8c45b.dir/CheckSymbolExists.c.o  -o cmTC_8c45b -rdynamic 
CMakeFiles/cmTC_8c45b.dir/CheckSymbolExists.c.o: In function `main':
CheckSymbolExists.c:(.text+0x16): undefined reference to `pthread_create'
collect2: Fehler: ld gab 1 als Ende-Status zurück
CMakeFiles/cmTC_8c45b.dir/build.make:97: die Regel für Ziel „cmTC_8c45b“ scheiterte
make[1]: *** [cmTC_8c45b] Fehler 1
make[1]: Verzeichnis „/home/supe4781/Dokumente/programmiersprachen-aufgabenblatt-2/build/CMakeFiles/CMakeTmp“ wird verlassen
Makefile:126: die Regel für Ziel „cmTC_8c45b/fast“ scheiterte
make: *** [cmTC_8c45b/fast] Fehler 2

File /home/supe4781/Dokumente/programmiersprachen-aufgabenblatt-2/build/CMakeFiles/CMakeTmp/CheckSymbolExists.c:
/* */
#include <pthread.h>

int main(int argc, char** argv)
{
  (void)argv;
#ifndef pthread_create
  return ((int*)(&pthread_create))[argc];
#else
  (void)argc;
  return 0;
#endif
}

Determining if the function pthread_create exists in the pthreads failed with the following output:
Change Dir: /home/supe4781/Dokumente/programmiersprachen-aufgabenblatt-2/build/CMakeFiles/CMakeTmp

Run Build Command:"/usr/bin/make" "cmTC_aa78f/fast"
/usr/bin/make -f CMakeFiles/cmTC_aa78f.dir/build.make CMakeFiles/cmTC_aa78f.dir/build
make[1]: Verzeichnis „/home/supe4781/Dokumente/programmiersprachen-aufgabenblatt-2/build/CMakeFiles/CMakeTmp“ wird betreten
Building C object CMakeFiles/cmTC_aa78f.dir/CheckFunctionExists.c.o
/usr/bin/cc    -DCHECK_FUNCTION_EXISTS=pthread_create   -o CMakeFiles/cmTC_aa78f.dir/CheckFunctionExists.c.o   -c /usr/share/cmake-3.4/Modules/CheckFunctionExists.c
Linking C executable cmTC_aa78f
/usr/bin/cmake -E cmake_link_script CMakeFiles/cmTC_aa78f.dir/link.txt --verbose=1
/usr/bin/cc   -DCHECK_FUNCTION_EXISTS=pthread_create    CMakeFiles/cmTC_aa78f.dir/CheckFunctionExists.c.o  -o cmTC_aa78f -rdynamic -lpthreads 
/usr/bin/ld: cannot find -lpthreads
collect2: Fehler: ld gab 1 als Ende-Status zurück
CMakeFiles/cmTC_aa78f.dir/build.make:97: die Regel für Ziel „cmTC_aa78f“ scheiterte
make[1]: *** [cmTC_aa78f] Fehler 1
make[1]: Verzeichnis „/home/supe4781/Dokumente/programmiersprachen-aufgabenblatt-2/build/CMakeFiles/CMakeTmp“ wird verlassen
Makefile:126: die Regel für Ziel „cmTC_aa78f/fast“ scheiterte
make: *** [cmTC_aa78f/fast] Fehler 2


Determining if the function glXGetProcAddressEXT exists failed with the following output:
Change Dir: /home/supe4781/Dokumente/programmiersprachen-aufgabenblatt-2/build/CMakeFiles/CMakeTmp

Run Build Command:"/usr/bin/make" "cmTC_a86d5/fast"
/usr/bin/make -f CMakeFiles/cmTC_a86d5.dir/build.make CMakeFiles/cmTC_a86d5.dir/build
make[1]: Verzeichnis „/home/supe4781/Dokumente/programmiersprachen-aufgabenblatt-2/build/CMakeFiles/CMakeTmp“ wird betreten
Building C object CMakeFiles/cmTC_a86d5.dir/CheckFunctionExists.c.o
/usr/bin/cc    -DCHECK_FUNCTION_EXISTS=glXGetProcAddressEXT   -o CMakeFiles/cmTC_a86d5.dir/CheckFunctionExists.c.o   -c /usr/share/cmake-3.4/Modules/CheckFunctionExists.c
Linking C executable cmTC_a86d5
/usr/bin/cmake -E cmake_link_script CMakeFiles/cmTC_a86d5.dir/link.txt --verbose=1
/usr/bin/cc   -DCHECK_FUNCTION_EXISTS=glXGetProcAddressEXT    CMakeFiles/cmTC_a86d5.dir/CheckFunctionExists.c.o  -o cmTC_a86d5 -rdynamic /usr/lib64/libGL.so 
CMakeFiles/cmTC_a86d5.dir/CheckFunctionExists.c.o: In function `main':
CheckFunctionExists.c:(.text+0x15): undefined reference to `glXGetProcAddressEXT'
collect2: Fehler: ld gab 1 als Ende-Status zurück
CMakeFiles/cmTC_a86d5.dir/build.make:98: die Regel für Ziel „cmTC_a86d5“ scheiterte
make[1]: Verzeichnis „/home/supe4781/Dokumente/programmiersprachen-aufgabenblatt-2/build/CMakeFiles/CMakeTmp“ wird verlassen
make[1]: *** [cmTC_a86d5] Fehler 1
Makefile:126: die Regel für Ziel „cmTC_a86d5/fast“ scheiterte
make: *** [cmTC_a86d5/fast] Fehler 2


